This file contains any messages produced by compilers while
running configure, to aid debugging if configure makes a mistake.

It was created by gobject-test configure 0.1, which was
generated by GNU Autoconf 2.71.  Invocation command line was

  $ ./configure --build=x86_64-linux-gnu --prefix=/usr '--includedir=${prefix}/include' '--mandir=${prefix}/share/man' '--infodir=${prefix}/share/info' --sysconfdir=/etc --localstatedir=/var --disable-option-checking --disable-silent-rules '--libdir=${prefix}/lib/x86_64-linux-gnu' --runstatedir=/run --disable-maintainer-mode --disable-dependency-tracking

## --------- ##
## Platform. ##
## --------- ##

hostname = mandar-Lenovo-ideapad-330S-15ARR
uname -m = x86_64
uname -r = 6.8.0-40-generic
uname -s = Linux
uname -v = #40~22.04.3-Ubuntu SMP PREEMPT_DYNAMIC Tue Jul 30 17:30:19 UTC 2

/usr/bin/uname -p = x86_64
/bin/uname -X     = unknown

/bin/arch              = x86_64
/usr/bin/arch -k       = unknown
/usr/convex/getsysinfo = unknown
/usr/bin/hostinfo      = unknown
/bin/machine           = unknown
/usr/bin/oslevel       = unknown
/bin/universe          = unknown

PATH: /home/mandar/.nvm/versions/node/v20.12.2/bin/
PATH: /home/mandar/.cargo/bin/
PATH: /home/mandar/.local/bin/
PATH: /usr/local/sbin/
PATH: /usr/local/bin/
PATH: /usr/sbin/
PATH: /usr/bin/
PATH: /sbin/
PATH: /bin/
PATH: /usr/games/
PATH: /usr/local/games/
PATH: /snap/bin/
PATH: /snap/bin/


## ----------- ##
## Core tests. ##
## ----------- ##

configure:2121: looking for aux files: compile missing install-sh
configure:2134:  trying ./
configure:2163:   ./compile found
configure:2163:   ./missing found
configure:2145:   ./install-sh found
configure:2292: checking for a BSD-compatible install
configure:2365: result: /usr/bin/install -c
configure:2376: checking whether build environment is sane
configure:2431: result: yes
configure:2590: checking for a race-free mkdir -p
configure:2634: result: /usr/bin/mkdir -p
configure:2641: checking for gawk
configure:2662: found /usr/bin/gawk
configure:2673: result: gawk
configure:2684: checking whether make sets $(MAKE)
configure:2707: result: yes
configure:2737: checking whether make supports nested variables
configure:2755: result: yes
configure:2953: checking for gcc
configure:2974: found /usr/bin/gcc
configure:2985: result: gcc
configure:3338: checking for C compiler version
configure:3347: gcc --version >&5
gcc (Ubuntu 11.4.0-1ubuntu1~22.04) 11.4.0
Copyright (C) 2021 Free Software Foundation, Inc.
This is free software; see the source for copying conditions.  There is NO
warranty; not even for MERCHANTABILITY or FITNESS FOR A PARTICULAR PURPOSE.

configure:3358: $? = 0
configure:3347: gcc -v >&5
Using built-in specs.
COLLECT_GCC=gcc
COLLECT_LTO_WRAPPER=/usr/lib/gcc/x86_64-linux-gnu/11/lto-wrapper
OFFLOAD_TARGET_NAMES=nvptx-none:amdgcn-amdhsa
OFFLOAD_TARGET_DEFAULT=1
Target: x86_64-linux-gnu
Configured with: ../src/configure -v --with-pkgversion='Ubuntu 11.4.0-1ubuntu1~22.04' --with-bugurl=file:///usr/share/doc/gcc-11/README.Bugs --enable-languages=c,ada,c++,go,brig,d,fortran,objc,obj-c++,m2 --prefix=/usr --with-gcc-major-version-only --program-suffix=-11 --program-prefix=x86_64-linux-gnu- --enable-shared --enable-linker-build-id --libexecdir=/usr/lib --without-included-gettext --enable-threads=posix --libdir=/usr/lib --enable-nls --enable-bootstrap --enable-clocale=gnu --enable-libstdcxx-debug --enable-libstdcxx-time=yes --with-default-libstdcxx-abi=new --enable-gnu-unique-object --disable-vtable-verify --enable-plugin --enable-default-pie --with-system-zlib --enable-libphobos-checking=release --with-target-system-zlib=auto --enable-objc-gc=auto --enable-multiarch --disable-werror --enable-cet --with-arch-32=i686 --with-abi=m64 --with-multilib-list=m32,m64,mx32 --enable-multilib --with-tune=generic --enable-offload-targets=nvptx-none=/build/gcc-11-XeT9lY/gcc-11-11.4.0/debian/tmp-nvptx/usr,amdgcn-amdhsa=/build/gcc-11-XeT9lY/gcc-11-11.4.0/debian/tmp-gcn/usr --without-cuda-driver --enable-checking=release --build=x86_64-linux-gnu --host=x86_64-linux-gnu --target=x86_64-linux-gnu --with-build-config=bootstrap-lto-lean --enable-link-serialization=2
Thread model: posix
Supported LTO compression algorithms: zlib zstd
gcc version 11.4.0 (Ubuntu 11.4.0-1ubuntu1~22.04) 
... rest of stderr output deleted ...
configure:3358: $? = 0
configure:3347: gcc -V >&5
gcc: error: unrecognized command-line option '-V'
gcc: fatal error: no input files
compilation terminated.
configure:3358: $? = 1
configure:3347: gcc -qversion >&5
gcc: error: unrecognized command-line option '-qversion'; did you mean '--version'?
gcc: fatal error: no input files
compilation terminated.
configure:3358: $? = 1
configure:3347: gcc -version >&5
gcc: error: unrecognized command-line option '-version'
gcc: fatal error: no input files
compilation terminated.
configure:3358: $? = 1
configure:3378: checking whether the C compiler works
configure:3400: gcc -g -O2 -ffile-prefix-map=/home/mandar/code/091624/automake/gobject-0.1=. -flto=auto -ffat-lto-objects -flto=auto -ffat-lto-objects -fstack-protector-strong -Wformat -Werror=format-security -Wdate-time -D_FORTIFY_SOURCE=2 -Wl,-Bsymbolic-functions -flto=auto -ffat-lto-objects -flto=auto -Wl,-z,relro conftest.c  >&5
configure:3404: $? = 0
configure:3454: result: yes
configure:3457: checking for C compiler default output file name
configure:3459: result: a.out
configure:3465: checking for suffix of executables
configure:3472: gcc -o conftest -g -O2 -ffile-prefix-map=/home/mandar/code/091624/automake/gobject-0.1=. -flto=auto -ffat-lto-objects -flto=auto -ffat-lto-objects -fstack-protector-strong -Wformat -Werror=format-security -Wdate-time -D_FORTIFY_SOURCE=2 -Wl,-Bsymbolic-functions -flto=auto -ffat-lto-objects -flto=auto -Wl,-z,relro conftest.c  >&5
configure:3476: $? = 0
configure:3499: result: 
configure:3521: checking whether we are cross compiling
configure:3529: gcc -o conftest -g -O2 -ffile-prefix-map=/home/mandar/code/091624/automake/gobject-0.1=. -flto=auto -ffat-lto-objects -flto=auto -ffat-lto-objects -fstack-protector-strong -Wformat -Werror=format-security -Wdate-time -D_FORTIFY_SOURCE=2 -Wl,-Bsymbolic-functions -flto=auto -ffat-lto-objects -flto=auto -Wl,-z,relro conftest.c  >&5
configure:3533: $? = 0
configure:3540: ./conftest
configure:3544: $? = 0
configure:3559: result: no
configure:3564: checking for suffix of object files
configure:3587: gcc -c -g -O2 -ffile-prefix-map=/home/mandar/code/091624/automake/gobject-0.1=. -flto=auto -ffat-lto-objects -flto=auto -ffat-lto-objects -fstack-protector-strong -Wformat -Werror=format-security -Wdate-time -D_FORTIFY_SOURCE=2 conftest.c >&5
configure:3591: $? = 0
configure:3613: result: o
configure:3617: checking whether the compiler supports GNU C
configure:3637: gcc -c -g -O2 -ffile-prefix-map=/home/mandar/code/091624/automake/gobject-0.1=. -flto=auto -ffat-lto-objects -flto=auto -ffat-lto-objects -fstack-protector-strong -Wformat -Werror=format-security -Wdate-time -D_FORTIFY_SOURCE=2 conftest.c >&5
configure:3637: $? = 0
configure:3647: result: yes
configure:3658: checking whether gcc accepts -g
configure:3679: gcc -c -g -Wdate-time -D_FORTIFY_SOURCE=2 conftest.c >&5
configure:3679: $? = 0
configure:3723: result: yes
configure:3743: checking for gcc option to enable C11 features
configure:3758: gcc  -c -g -O2 -ffile-prefix-map=/home/mandar/code/091624/automake/gobject-0.1=. -flto=auto -ffat-lto-objects -flto=auto -ffat-lto-objects -fstack-protector-strong -Wformat -Werror=format-security -Wdate-time -D_FORTIFY_SOURCE=2 conftest.c >&5
configure:3758: $? = 0
configure:3776: result: none needed
configure:3892: checking whether gcc understands -c and -o together
configure:3915: gcc -c conftest.c -o conftest2.o
configure:3918: $? = 0
configure:3915: gcc -c conftest.c -o conftest2.o
configure:3918: $? = 0
configure:3930: result: yes
configure:3950: checking whether make supports the include directive
configure:3965: make -f confmf.GNU && cat confinc.out
make[1]: Entering directory '/home/mandar/code/091624/automake/gobject-0.1'
make[1]: Leaving directory '/home/mandar/code/091624/automake/gobject-0.1'
this is the am__doit target
configure:3968: $? = 0
configure:3987: result: yes (GNU style)
configure:4013: checking dependency style of gcc
configure:4125: result: none
configure:4199: checking for pkg-config
configure:4222: found /usr/bin/pkg-config
configure:4234: result: /usr/bin/pkg-config
configure:4259: checking pkg-config is at least version 0.9.0
configure:4262: result: yes
configure:4272: checking for glib-2.0
configure:4279: $PKG_CONFIG --exists --print-errors "glib-2.0"
configure:4282: $? = 0
configure:4296: $PKG_CONFIG --exists --print-errors "glib-2.0"
configure:4299: $? = 0
configure:4357: result: yes
configure:4363: checking for gobject-2.0
configure:4370: $PKG_CONFIG --exists --print-errors "gobject-2.0"
configure:4373: $? = 0
configure:4387: $PKG_CONFIG --exists --print-errors "gobject-2.0"
configure:4390: $? = 0
configure:4448: result: yes
configure:4591: checking that generated files are newer than configure
configure:4597: result: done
configure:4620: creating ./config.status

## ---------------------- ##
## Running config.status. ##
## ---------------------- ##

This file was extended by gobject-test config.status 0.1, which was
generated by GNU Autoconf 2.71.  Invocation command line was

  CONFIG_FILES    = 
  CONFIG_HEADERS  = 
  CONFIG_LINKS    = 
  CONFIG_COMMANDS = 
  $ ./config.status 

on mandar-Lenovo-ideapad-330S-15ARR

config.status:777: creating Makefile
config.status:949: executing depfiles commands

## ---------------- ##
## Cache variables. ##
## ---------------- ##

ac_cv_c_compiler_gnu=yes
ac_cv_env_CC_set=
ac_cv_env_CC_value=
ac_cv_env_CFLAGS_set=set
ac_cv_env_CFLAGS_value='-g -O2 -ffile-prefix-map=/home/mandar/code/091624/automake/gobject-0.1=. -flto=auto -ffat-lto-objects -flto=auto -ffat-lto-objects -fstack-protector-strong -Wformat -Werror=format-security'
ac_cv_env_CPPFLAGS_set=set
ac_cv_env_CPPFLAGS_value='-Wdate-time -D_FORTIFY_SOURCE=2'
ac_cv_env_GLIB_CFLAGS_set=
ac_cv_env_GLIB_CFLAGS_value=
ac_cv_env_GLIB_LIBS_set=
ac_cv_env_GLIB_LIBS_value=
ac_cv_env_GOBJECT_CFLAGS_set=
ac_cv_env_GOBJECT_CFLAGS_value=
ac_cv_env_GOBJECT_LIBS_set=
ac_cv_env_GOBJECT_LIBS_value=
ac_cv_env_LDFLAGS_set=set
ac_cv_env_LDFLAGS_value='-Wl,-Bsymbolic-functions -flto=auto -ffat-lto-objects -flto=auto -Wl,-z,relro'
ac_cv_env_LIBS_set=
ac_cv_env_LIBS_value=
ac_cv_env_PKG_CONFIG_LIBDIR_set=
ac_cv_env_PKG_CONFIG_LIBDIR_value=
ac_cv_env_PKG_CONFIG_PATH_set=
ac_cv_env_PKG_CONFIG_PATH_value=
ac_cv_env_PKG_CONFIG_set=
ac_cv_env_PKG_CONFIG_value=
ac_cv_env_build_alias_set=set
ac_cv_env_build_alias_value=x86_64-linux-gnu
ac_cv_env_host_alias_set=
ac_cv_env_host_alias_value=
ac_cv_env_target_alias_set=
ac_cv_env_target_alias_value=
ac_cv_objext=o
ac_cv_path_ac_pt_PKG_CONFIG=/usr/bin/pkg-config
ac_cv_path_install='/usr/bin/install -c'
ac_cv_path_mkdir=/usr/bin/mkdir
ac_cv_prog_AWK=gawk
ac_cv_prog_ac_ct_CC=gcc
ac_cv_prog_cc_c11=
ac_cv_prog_cc_g=yes
ac_cv_prog_cc_stdc=
ac_cv_prog_make_make_set=yes
am_cv_CC_dependencies_compiler_type=none
am_cv_make_support_nested_variables=yes
am_cv_prog_cc_c_o=yes
pkg_cv_GLIB_CFLAGS='-I/usr/include/glib-2.0 -I/usr/lib/x86_64-linux-gnu/glib-2.0/include'
pkg_cv_GLIB_LIBS=-lglib-2.0
pkg_cv_GOBJECT_CFLAGS='-I/usr/include/glib-2.0 -I/usr/lib/x86_64-linux-gnu/glib-2.0/include'
pkg_cv_GOBJECT_LIBS='-lgobject-2.0 -lglib-2.0'

## ----------------- ##
## Output variables. ##
## ----------------- ##

ACLOCAL='${SHELL} '\''/home/mandar/code/091624/automake/gobject-0.1/missing'\'' aclocal-1.16'
AMDEPBACKSLASH=''
AMDEP_FALSE=''
AMDEP_TRUE='#'
AMTAR='$${TAR-tar}'
AM_BACKSLASH='\'
AM_DEFAULT_V='$(AM_DEFAULT_VERBOSITY)'
AM_DEFAULT_VERBOSITY='1'
AM_V='$(V)'
AUTOCONF='${SHELL} '\''/home/mandar/code/091624/automake/gobject-0.1/missing'\'' autoconf'
AUTOHEADER='${SHELL} '\''/home/mandar/code/091624/automake/gobject-0.1/missing'\'' autoheader'
AUTOMAKE='${SHELL} '\''/home/mandar/code/091624/automake/gobject-0.1/missing'\'' automake-1.16'
AWK='gawk'
CC='gcc'
CCDEPMODE='depmode=none'
CFLAGS='-g -O2 -ffile-prefix-map=/home/mandar/code/091624/automake/gobject-0.1=. -flto=auto -ffat-lto-objects -flto=auto -ffat-lto-objects -fstack-protector-strong -Wformat -Werror=format-security'
CPPFLAGS='-Wdate-time -D_FORTIFY_SOURCE=2'
CSCOPE='cscope'
CTAGS='ctags'
CYGPATH_W='echo'
DEFS='-DPACKAGE_NAME=\"gobject-test\" -DPACKAGE_TARNAME=\"gobject-test\" -DPACKAGE_VERSION=\"0.1\" -DPACKAGE_STRING=\"gobject-test\ 0.1\" -DPACKAGE_BUGREPORT=\"abc@abc.com\" -DPACKAGE_URL=\"\" -DPACKAGE=\"gobject-test\" -DVERSION=\"0.1\"'
DEPDIR='.deps'
ECHO_C=''
ECHO_N='-n'
ECHO_T=''
ETAGS='etags'
EXEEXT=''
GLIB_CFLAGS='-I/usr/include/glib-2.0 -I/usr/lib/x86_64-linux-gnu/glib-2.0/include'
GLIB_LIBS='-lglib-2.0'
GOBJECT_CFLAGS='-I/usr/include/glib-2.0 -I/usr/lib/x86_64-linux-gnu/glib-2.0/include'
GOBJECT_LIBS='-lgobject-2.0 -lglib-2.0'
INSTALL_DATA='${INSTALL} -m 644'
INSTALL_PROGRAM='${INSTALL}'
INSTALL_SCRIPT='${INSTALL}'
INSTALL_STRIP_PROGRAM='$(install_sh) -c -s'
LDFLAGS='-Wl,-Bsymbolic-functions -flto=auto -ffat-lto-objects -flto=auto -Wl,-z,relro'
LIBOBJS=''
LIBS=''
LTLIBOBJS=''
MAKEINFO='${SHELL} '\''/home/mandar/code/091624/automake/gobject-0.1/missing'\'' makeinfo'
MKDIR_P='/usr/bin/mkdir -p'
OBJEXT='o'
PACKAGE='gobject-test'
PACKAGE_BUGREPORT='abc@abc.com'
PACKAGE_NAME='gobject-test'
PACKAGE_STRING='gobject-test 0.1'
PACKAGE_TARNAME='gobject-test'
PACKAGE_URL=''
PACKAGE_VERSION='0.1'
PATH_SEPARATOR=':'
PKG_CONFIG='/usr/bin/pkg-config'
PKG_CONFIG_LIBDIR=''
PKG_CONFIG_PATH=''
SET_MAKE=''
SHELL='/bin/bash'
STRIP=''
VERSION='0.1'
ac_ct_CC='gcc'
am__EXEEXT_FALSE=''
am__EXEEXT_TRUE='#'
am__fastdepCC_FALSE=''
am__fastdepCC_TRUE='#'
am__include='include'
am__isrc=''
am__leading_dot='.'
am__nodep=''
am__quote=''
am__tar='$${TAR-tar} chof - "$$tardir"'
am__untar='$${TAR-tar} xf -'
bindir='${exec_prefix}/bin'
build_alias='x86_64-linux-gnu'
datadir='${datarootdir}'
datarootdir='${prefix}/share'
docdir='${datarootdir}/doc/${PACKAGE_TARNAME}'
dvidir='${docdir}'
exec_prefix='${prefix}'
host_alias=''
htmldir='${docdir}'
includedir='${prefix}/include'
infodir='${prefix}/share/info'
install_sh='${SHELL} /home/mandar/code/091624/automake/gobject-0.1/install-sh'
libdir='${prefix}/lib/x86_64-linux-gnu'
libexecdir='${exec_prefix}/libexec'
localedir='${datarootdir}/locale'
localstatedir='/var'
mandir='${prefix}/share/man'
mkdir_p='$(MKDIR_P)'
oldincludedir='/usr/include'
pdfdir='${docdir}'
prefix='/usr'
program_transform_name='s,x,x,'
psdir='${docdir}'
runstatedir='/run'
sbindir='${exec_prefix}/sbin'
sharedstatedir='${prefix}/com'
sysconfdir='/etc'
target_alias=''

## ----------- ##
## confdefs.h. ##
## ----------- ##

/* confdefs.h */
#define PACKAGE_NAME "gobject-test"
#define PACKAGE_TARNAME "gobject-test"
#define PACKAGE_VERSION "0.1"
#define PACKAGE_STRING "gobject-test 0.1"
#define PACKAGE_BUGREPORT "abc@abc.com"
#define PACKAGE_URL ""
#define PACKAGE "gobject-test"
#define VERSION "0.1"

configure: exit 0

## ---------------------- ##
## Running config.status. ##
## ---------------------- ##

This file was extended by gobject-test config.status 0.1, which was
generated by GNU Autoconf 2.71.  Invocation command line was

  CONFIG_FILES    = 
  CONFIG_HEADERS  = 
  CONFIG_LINKS    = 
  CONFIG_COMMANDS = 
  $ ./config.status Makefile depfiles

on mandar-Lenovo-ideapad-330S-15ARR

config.status:777: creating Makefile
config.status:949: executing depfiles commands
